0 info it worked if it ends with ok
1 verbose cli [ '/Users/kujira/.anyenv/envs/ndenv/versions/v7.0.0/bin/node',
1 verbose cli   '/Users/kujira/.anyenv/envs/ndenv/versions/v7.0.0/bin/npm',
1 verbose cli   'run',
1 verbose cli   'eslint' ]
2 info using npm@3.10.8
3 info using node@v7.0.0
4 verbose run-script [ 'preeslint', 'eslint', 'posteslint' ]
5 info lifecycle eslinter@0.0.1~preeslint: eslinter@0.0.1
6 silly lifecycle eslinter@0.0.1~preeslint: no script for preeslint, continuing
7 info lifecycle eslinter@0.0.1~eslint: eslinter@0.0.1
8 verbose lifecycle eslinter@0.0.1~eslint: unsafe-perm in lifecycle true
9 verbose lifecycle eslinter@0.0.1~eslint: PATH: /Users/kujira/.anyenv/envs/ndenv/versions/v7.0.0/lib/node_modules/npm/bin/node-gyp-bin:/Users/kujira/git/eslinter-es5/node_modules/.bin:/Users/kujira/.anyenv/envs/ndenv/versions/v7.0.0/bin:/Users/kujira/.anyenv/envs/ndenv/libexec:/Users/kujira/.anyenv/envs/ndenv/plugins/node-build/bin:/Users/kujira/.yarn/bin:/Users/kujira/.anyenv/envs/pyenv//shims:/Users/kujira/.anyenv/envs/phpenv//shims:/Users/kujira/.anyenv/envs/ndenv//shims:/Users/kujira/.anyenv/envs/pyenv/shims:/Users/kujira/.anyenv/envs/pyenv/bin:/Users/kujira/.anyenv/envs/phpenv/shims:/Users/kujira/.anyenv/envs/phpenv/bin:/Users/kujira/.anyenv/envs/ndenv/shims:/Users/kujira/.anyenv/envs/ndenv/bin:/Users/kujira/.anyenv/bin:/opt/local/bin:/Users/kujira/.rbenv/shims:/usr/local/sbin:/usr/local/bin:/Users/kujira/.yarn/bin:/usr/local/share/npm/bin:/usr/local/opt/coreutils/libexec/gnubin:/usr/local/bin:/usr/local/sbin:/usr/bin:/bin:/usr/sbin:/sbin:/opt/X11/bin:/Users/kujira/bin/FDK/Tools/osx
10 verbose lifecycle eslinter@0.0.1~eslint: CWD: /Users/kujira/git/eslinter-es5
11 silly lifecycle eslinter@0.0.1~eslint: Args: [ '-c', 'eslint src/**/*' ]
12 silly lifecycle eslinter@0.0.1~eslint: Returned: code: 1  signal: null
13 info lifecycle eslinter@0.0.1~eslint: Failed to exec eslint script
14 verbose stack Error: eslinter@0.0.1 eslint: `eslint src/**/*`
14 verbose stack Exit status 1
14 verbose stack     at EventEmitter.<anonymous> (/Users/kujira/.anyenv/envs/ndenv/versions/v7.0.0/lib/node_modules/npm/lib/utils/lifecycle.js:255:16)
14 verbose stack     at emitTwo (events.js:106:13)
14 verbose stack     at EventEmitter.emit (events.js:191:7)
14 verbose stack     at ChildProcess.<anonymous> (/Users/kujira/.anyenv/envs/ndenv/versions/v7.0.0/lib/node_modules/npm/lib/utils/spawn.js:40:14)
14 verbose stack     at emitTwo (events.js:106:13)
14 verbose stack     at ChildProcess.emit (events.js:191:7)
14 verbose stack     at maybeClose (internal/child_process.js:877:16)
14 verbose stack     at Process.ChildProcess._handle.onexit (internal/child_process.js:226:5)
15 verbose pkgid eslinter@0.0.1
16 verbose cwd /Users/kujira/git/eslinter-es5
17 error Darwin 15.6.0
18 error argv "/Users/kujira/.anyenv/envs/ndenv/versions/v7.0.0/bin/node" "/Users/kujira/.anyenv/envs/ndenv/versions/v7.0.0/bin/npm" "run" "eslint"
19 error node v7.0.0
20 error npm  v3.10.8
21 error code ELIFECYCLE
22 error eslinter@0.0.1 eslint: `eslint src/**/*`
22 error Exit status 1
23 error Failed at the eslinter@0.0.1 eslint script 'eslint src/**/*'.
23 error Make sure you have the latest version of node.js and npm installed.
23 error If you do, this is most likely a problem with the eslinter package,
23 error not with npm itself.
23 error Tell the author that this fails on your system:
23 error     eslint src/**/*
23 error You can get information on how to open an issue for this project with:
23 error     npm bugs eslinter
23 error Or if that isn't available, you can get their info via:
23 error     npm owner ls eslinter
23 error There is likely additional logging output above.
24 verbose exit [ 1, true ]
